<?xml version="1.0" encoding="UTF-8"?>
<testng-results ignored="0" total="1" passed="1" failed="0" skipped="0">
  <reporter-output>
  </reporter-output>
  <suite started-at="2022-04-21T17:59:29 IST" name="Default suite" finished-at="2022-04-21T17:59:32 IST" duration-ms="3623">
    <groups>
    </groups>
    <test started-at="2022-04-21T17:59:29 IST" name="Default test" finished-at="2022-04-21T17:59:32 IST" duration-ms="3623">
      <class name="testCases.TC_001">
        <test-method signature="tc_001()[pri:0, instance:testCases.TC_001@73ee04c8]" started-at="2022-04-21T17:59:29 IST" name="tc_001" finished-at="2022-04-21T17:59:32 IST" duration-ms="3570" status="PASS">
          <reporter-output>
          </reporter-output>
        </test-method> <!-- tc_001 -->
      </class> <!-- testCases.TC_001 -->
    </test> <!-- Default test -->
  </suite> <!-- Default suite -->
</testng-results>
